coretemp-isa-0000
Adapter: ISA adapter
Package id 0:  +60.0°C  (high = +100.0°C, crit = +100.0°C)
Core 0:        +58.0°C  (high = +100.0°C, crit = +100.0°C)
Core 1:        +59.0°C  (high = +100.0°C, crit = +100.0°C)
Core 2:        +60.0°C  (high = +100.0°C, crit = +100.0°C)
Core 3:        +57.0°C  (high = +100.0°C, crit = +100.0°C)

pch_skylake-virtual-0
Adapter: Virtual device
temp1:        +54.0°C  

nvme-pci-3c00
Adapter: PCI adapter
Composite:    +30.9°C  (low  = -273.1°C, high = +76.8°C)
                       (crit = +78.8°C)
Sensor 1:     +30.9°C  (low  = -273.1°C, high = +65261.8°C)
Sensor 2:     +35.9°C  (low  = -273.1°C, high = +65261.8°C)

iwlwifi_1-virtual-0
Adapter: Virtual device
temp1:        +40.0°C  

system76-isa-0000
Adapter: ISA adapter
CPU fan:         3593 RPM
GPU fan:            0 RPM
CPU temperature:  +59.0°C  
GPU temperature:   +0.0°C  

acpitz-acpi-0
Adapter: ACPI interface
temp1:        +59.0°C  (crit = +120.0°C)

